Performing C SOURCE FILE Test CMAKE_HAVE_LIBC_PTHREAD failed with the following output:
Change Dir: /home/milutin/libPointLocation/CMakeFiles/CMakeTmp

Run Build Command(s):/usr/bin/make cmTC_ad802/fast && /usr/bin/make -f CMakeFiles/cmTC_ad802.dir/build.make CMakeFiles/cmTC_ad802.dir/build
make[1]: Entering directory '/home/milutin/libPointLocation/CMakeFiles/CMakeTmp'
Building C object CMakeFiles/cmTC_ad802.dir/src.c.o
/usr/bin/cc   -DCMAKE_HAVE_LIBC_PTHREAD   -o CMakeFiles/cmTC_ad802.dir/src.c.o   -c /home/milutin/libPointLocation/CMakeFiles/CMakeTmp/src.c
Linking C executable cmTC_ad802
/usr/bin/cmake -E cmake_link_script CMakeFiles/cmTC_ad802.dir/link.txt --verbose=1
/usr/bin/cc  -DCMAKE_HAVE_LIBC_PTHREAD    -rdynamic CMakeFiles/cmTC_ad802.dir/src.c.o  -o cmTC_ad802 
/usr/bin/ld: CMakeFiles/cmTC_ad802.dir/src.c.o: in function `main':
src.c:(.text+0x46): undefined reference to `pthread_create'
/usr/bin/ld: src.c:(.text+0x52): undefined reference to `pthread_detach'
/usr/bin/ld: src.c:(.text+0x63): undefined reference to `pthread_join'
collect2: error: ld returned 1 exit status
make[1]: *** [CMakeFiles/cmTC_ad802.dir/build.make:87: cmTC_ad802] Error 1
make[1]: Leaving directory '/home/milutin/libPointLocation/CMakeFiles/CMakeTmp'
make: *** [Makefile:121: cmTC_ad802/fast] Error 2


Source file was:
#include <pthread.h>

void* test_func(void* data)
{
  return data;
}

int main(void)
{
  pthread_t thread;
  pthread_create(&thread, NULL, test_func, NULL);
  pthread_detach(thread);
  pthread_join(thread, NULL);
  pthread_atfork(NULL, NULL, NULL);
  pthread_exit(NULL);

  return 0;
}

Determining if the function pthread_create exists in the pthreads failed with the following output:
Change Dir: /home/milutin/libPointLocation/CMakeFiles/CMakeTmp

Run Build Command(s):/usr/bin/make cmTC_309b0/fast && /usr/bin/make -f CMakeFiles/cmTC_309b0.dir/build.make CMakeFiles/cmTC_309b0.dir/build
make[1]: Entering directory '/home/milutin/libPointLocation/CMakeFiles/CMakeTmp'
Building C object CMakeFiles/cmTC_309b0.dir/CheckFunctionExists.c.o
/usr/bin/cc   -DCHECK_FUNCTION_EXISTS=pthread_create   -o CMakeFiles/cmTC_309b0.dir/CheckFunctionExists.c.o   -c /usr/share/cmake-3.16/Modules/CheckFunctionExists.c
Linking C executable cmTC_309b0
/usr/bin/cmake -E cmake_link_script CMakeFiles/cmTC_309b0.dir/link.txt --verbose=1
/usr/bin/cc  -DCHECK_FUNCTION_EXISTS=pthread_create    -rdynamic CMakeFiles/cmTC_309b0.dir/CheckFunctionExists.c.o  -o cmTC_309b0  -lpthreads 
/usr/bin/ld: cannot find -lpthreads
collect2: error: ld returned 1 exit status
make[1]: *** [CMakeFiles/cmTC_309b0.dir/build.make:87: cmTC_309b0] Error 1
make[1]: Leaving directory '/home/milutin/libPointLocation/CMakeFiles/CMakeTmp'
make: *** [Makefile:121: cmTC_309b0/fast] Error 2



Performing C SOURCE FILE Test CMAKE_HAVE_LIBC_PTHREAD failed with the following output:
Change Dir: /mnt/c/projects/libPointLocation/CMakeFiles/CMakeTmp

Run Build Command(s):/usr/bin/make cmTC_94ef5/fast && make[1]: Entering directory '/mnt/c/projects/libPointLocation/CMakeFiles/CMakeTmp'
/usr/bin/make  -f CMakeFiles/cmTC_94ef5.dir/build.make CMakeFiles/cmTC_94ef5.dir/build
make[2]: Entering directory '/mnt/c/projects/libPointLocation/CMakeFiles/CMakeTmp'
Building C object CMakeFiles/cmTC_94ef5.dir/src.c.o
/usr/bin/cc   -DCMAKE_HAVE_LIBC_PTHREAD   -o CMakeFiles/cmTC_94ef5.dir/src.c.o   -c /mnt/c/projects/libPointLocation/CMakeFiles/CMakeTmp/src.c
Linking C executable cmTC_94ef5
/usr/local/bin/cmake -E cmake_link_script CMakeFiles/cmTC_94ef5.dir/link.txt --verbose=1
/usr/bin/cc  -DCMAKE_HAVE_LIBC_PTHREAD    -rdynamic CMakeFiles/cmTC_94ef5.dir/src.c.o  -o cmTC_94ef5 
CMakeFiles/cmTC_94ef5.dir/src.c.o: In function `main':
src.c:(.text+0x3e): undefined reference to `pthread_create'
src.c:(.text+0x4a): undefined reference to `pthread_detach'
src.c:(.text+0x56): undefined reference to `pthread_cancel'
src.c:(.text+0x67): undefined reference to `pthread_join'
src.c:(.text+0x7b): undefined reference to `pthread_atfork'
collect2: error: ld returned 1 exit status
CMakeFiles/cmTC_94ef5.dir/build.make:106: recipe for target 'cmTC_94ef5' failed
make[2]: *** [cmTC_94ef5] Error 1
make[2]: Leaving directory '/mnt/c/projects/libPointLocation/CMakeFiles/CMakeTmp'
Makefile:141: recipe for target 'cmTC_94ef5/fast' failed
make[1]: *** [cmTC_94ef5/fast] Error 2
make[1]: Leaving directory '/mnt/c/projects/libPointLocation/CMakeFiles/CMakeTmp'


Source file was:
#include <pthread.h>

void* test_func(void* data)
{
  return data;
}

int main(void)
{
  pthread_t thread;
  pthread_create(&thread, NULL, test_func, NULL);
  pthread_detach(thread);
  pthread_cancel(thread);
  pthread_join(thread, NULL);
  pthread_atfork(NULL, NULL, NULL);
  pthread_exit(NULL);

  return 0;
}

Determining if the function pthread_create exists in the pthreads failed with the following output:
Change Dir: /mnt/c/projects/libPointLocation/CMakeFiles/CMakeTmp

Run Build Command(s):/usr/bin/make cmTC_2b7a0/fast && make[1]: Entering directory '/mnt/c/projects/libPointLocation/CMakeFiles/CMakeTmp'
/usr/bin/make  -f CMakeFiles/cmTC_2b7a0.dir/build.make CMakeFiles/cmTC_2b7a0.dir/build
make[2]: Entering directory '/mnt/c/projects/libPointLocation/CMakeFiles/CMakeTmp'
Building C object CMakeFiles/cmTC_2b7a0.dir/CheckFunctionExists.c.o
/usr/bin/cc   -DCHECK_FUNCTION_EXISTS=pthread_create   -o CMakeFiles/cmTC_2b7a0.dir/CheckFunctionExists.c.o   -c /usr/local/share/cmake-3.17/Modules/CheckFunctionExists.c
Linking C executable cmTC_2b7a0
/usr/local/bin/cmake -E cmake_link_script CMakeFiles/cmTC_2b7a0.dir/link.txt --verbose=1
/usr/bin/cc  -DCHECK_FUNCTION_EXISTS=pthread_create    -rdynamic CMakeFiles/cmTC_2b7a0.dir/CheckFunctionExists.c.o  -o cmTC_2b7a0  -lpthreads 
/usr/bin/ld: cannot find -lpthreads
collect2: error: ld returned 1 exit status
CMakeFiles/cmTC_2b7a0.dir/build.make:106: recipe for target 'cmTC_2b7a0' failed
make[2]: *** [cmTC_2b7a0] Error 1
make[2]: Leaving directory '/mnt/c/projects/libPointLocation/CMakeFiles/CMakeTmp'
Makefile:141: recipe for target 'cmTC_2b7a0/fast' failed
make[1]: *** [cmTC_2b7a0/fast] Error 2
make[1]: Leaving directory '/mnt/c/projects/libPointLocation/CMakeFiles/CMakeTmp'



